build/app/intermediates/manifest_merge_blame_file/release/manifest-merger-blame-release-report.txt
1<?xml version="1.0" encoding="utf-8"?>
2<manifest xmlns:android="http://schemas.android.com/apk/res/android"
3    package="com.appgain.appgain_task"
4    android:versionCode="1"
5    android:versionName="1.0.0" >
6
7    <uses-sdk
8        android:minSdkVersion="19"
8-->src\main\AndroidManifest.xml
9        android:targetSdkVersion="33" />
9-->src\main\AndroidManifest.xml
10
11    <uses-permission android:name="android.permission.INTERNET" />
11-->[:firebase_messaging] AndroidManifest.xml:9:5-67
11-->[:firebase_messaging] AndroidManifest.xml:9:22-64
12    <uses-permission android:name="android.permission.WAKE_LOCK" />
12-->[:firebase_messaging] AndroidManifest.xml:10:5-68
12-->[:firebase_messaging] AndroidManifest.xml:10:22-65
13    <uses-permission android:name="android.permission.ACCESS_NETWORK_STATE" /> <!-- Permissions options for the `notification` group -->
13-->[:firebase_messaging] AndroidManifest.xml:11:5-79
13-->[:firebase_messaging] AndroidManifest.xml:11:22-76
14    <uses-permission android:name="android.permission.POST_NOTIFICATIONS" /> <!-- Required by older versions of Google Play services to create IID tokens -->
14-->[:firebase_messaging] AndroidManifest.xml:13:5-77
14-->[:firebase_messaging] AndroidManifest.xml:13:22-74
15    <uses-permission android:name="com.google.android.c2dm.permission.RECEIVE" />
15-->[com.google.firebase:firebase-messaging:23.3.1] AndroidManifest.xml:26:5-82
15-->[com.google.firebase:firebase-messaging:23.3.1] AndroidManifest.xml:26:22-79
16
17    <application
18        android:name="android.app.Application"
18-->src\main\AndroidManifest.xml:4:9-42
19        android:appComponentFactory="androidx.core.app.CoreComponentFactory"
19-->[androidx.core:core:1.6.0] AndroidManifest.xml:24:18-86
20        android:icon="@mipmap/ic_launcher"
20-->src\main\AndroidManifest.xml:5:9-43
21        android:label="appgain_task" >
21-->src\main\AndroidManifest.xml:3:9-37
22        <activity
22-->src\main\AndroidManifest.xml:6:9-42:20
23            android:name="com.appgain.appgain_task.MainActivity"
23-->src\main\AndroidManifest.xml:7:13-41
24            android:configChanges="orientation|keyboardHidden|keyboard|screenSize|smallestScreenSize|locale|layoutDirection|fontScale|screenLayout|density|uiMode"
24-->src\main\AndroidManifest.xml:11:13-163
25            android:exported="true"
25-->src\main\AndroidManifest.xml:8:13-36
26            android:hardwareAccelerated="true"
26-->src\main\AndroidManifest.xml:12:13-47
27            android:launchMode="singleTop"
27-->src\main\AndroidManifest.xml:9:13-43
28            android:theme="@style/LaunchTheme"
28-->src\main\AndroidManifest.xml:10:13-47
29            android:windowSoftInputMode="adjustResize" >
29-->src\main\AndroidManifest.xml:13:13-55
30
31            <!--
32                 Specifies an Android theme to apply to this Activity as soon as
33                 the Android process has started. This theme is visible to the user
34                 while the Flutter UI initializes. After that, this theme continues
35                 to determine the Window background behind the Flutter UI.
36            -->
37            <meta-data
37-->src\main\AndroidManifest.xml:18:13-21:17
38                android:name="io.flutter.embedding.android.NormalTheme"
38-->src\main\AndroidManifest.xml:19:15-70
39                android:resource="@style/NormalTheme" />
39-->src\main\AndroidManifest.xml:20:15-52
40
41            <intent-filter>
41-->src\main\AndroidManifest.xml:22:13-25:29
42                <action android:name="android.intent.action.MAIN" />
42-->src\main\AndroidManifest.xml:23:17-68
42-->src\main\AndroidManifest.xml:23:25-66
43
44                <category android:name="android.intent.category.LAUNCHER" />
44-->src\main\AndroidManifest.xml:24:17-76
44-->src\main\AndroidManifest.xml:24:27-74
45            </intent-filter>
46            <!-- Deep Links -->
47            <intent-filter>
47-->src\main\AndroidManifest.xml:27:13-38:29
48                <action android:name="android.intent.action.VIEW" />
48-->src\main\AndroidManifest.xml:28:17-69
48-->src\main\AndroidManifest.xml:28:25-66
49
50                <category android:name="android.intent.category.DEFAULT" />
50-->src\main\AndroidManifest.xml:29:17-76
50-->src\main\AndroidManifest.xml:29:27-73
51                <category android:name="android.intent.category.BROWSABLE" />
51-->src\main\AndroidManifest.xml:30:17-78
51-->src\main\AndroidManifest.xml:30:27-75
52                <!-- Accepts URIs that begin with YOUR_SCHEME://YOUR_HOST -->
53                <data
53-->src\main\AndroidManifest.xml:32:17-34:51
54                    android:host="moviedetails"
54-->src\main\AndroidManifest.xml:34:21-48
55                    android:scheme="https" />
55-->src\main\AndroidManifest.xml:33:21-43
56                <data
56-->src\main\AndroidManifest.xml:32:17-34:51
57                    android:host="moviedetails"
57-->src\main\AndroidManifest.xml:34:21-48
58                    android:scheme="appgain" />
58-->src\main\AndroidManifest.xml:33:21-43
59            </intent-filter>
60
61            <!-- App Links -->
62
63        </activity>
64        <!--
65             Don't delete the meta-data below.
66             This is used by the Flutter tool to generate GeneratedPluginRegistrant.java
67        -->
68        <meta-data
68-->src\main\AndroidManifest.xml:45:9-47:33
69            android:name="flutterEmbedding"
69-->src\main\AndroidManifest.xml:46:13-44
70            android:value="2" />
70-->src\main\AndroidManifest.xml:47:13-30
71
72        <service
72-->[:firebase_messaging] AndroidManifest.xml:16:9-19:72
73            android:name="io.flutter.plugins.firebase.messaging.FlutterFirebaseMessagingBackgroundService"
73-->[:firebase_messaging] AndroidManifest.xml:17:13-107
74            android:exported="false"
74-->[:firebase_messaging] AndroidManifest.xml:18:13-37
75            android:permission="android.permission.BIND_JOB_SERVICE" />
75-->[:firebase_messaging] AndroidManifest.xml:19:13-69
76        <service
76-->[:firebase_messaging] AndroidManifest.xml:20:9-26:19
77            android:name="io.flutter.plugins.firebase.messaging.FlutterFirebaseMessagingService"
77-->[:firebase_messaging] AndroidManifest.xml:21:13-97
78            android:exported="false" >
78-->[:firebase_messaging] AndroidManifest.xml:22:13-37
79            <intent-filter>
79-->[:firebase_messaging] AndroidManifest.xml:23:13-25:29
80                <action android:name="com.google.firebase.MESSAGING_EVENT" />
80-->[:firebase_messaging] AndroidManifest.xml:24:17-78
80-->[:firebase_messaging] AndroidManifest.xml:24:25-75
81            </intent-filter>
82        </service>
83
84        <receiver
84-->[:firebase_messaging] AndroidManifest.xml:28:9-35:20
85            android:name="io.flutter.plugins.firebase.messaging.FlutterFirebaseMessagingReceiver"
85-->[:firebase_messaging] AndroidManifest.xml:29:13-98
86            android:exported="true"
86-->[:firebase_messaging] AndroidManifest.xml:30:13-36
87            android:permission="com.google.android.c2dm.permission.SEND" >
87-->[:firebase_messaging] AndroidManifest.xml:31:13-73
88            <intent-filter>
88-->[:firebase_messaging] AndroidManifest.xml:32:13-34:29
89                <action android:name="com.google.android.c2dm.intent.RECEIVE" />
89-->[:firebase_messaging] AndroidManifest.xml:33:17-81
89-->[:firebase_messaging] AndroidManifest.xml:33:25-78
90            </intent-filter>
91        </receiver>
92
93        <service
93-->[:firebase_messaging] AndroidManifest.xml:37:9-41:19
94            android:name="com.google.firebase.components.ComponentDiscoveryService"
94-->[:firebase_messaging] AndroidManifest.xml:37:18-89
95            android:directBootAware="true"
95-->[com.google.firebase:firebase-common:20.4.2] AndroidManifest.xml:32:13-43
96            android:exported="false" >
96-->[com.google.firebase:firebase-messaging:23.3.1] AndroidManifest.xml:56:13-37
97            <meta-data
97-->[:firebase_messaging] AndroidManifest.xml:38:13-40:85
98                android:name="com.google.firebase.components:io.flutter.plugins.firebase.messaging.FlutterFirebaseAppRegistrar"
98-->[:firebase_messaging] AndroidManifest.xml:39:17-128
99                android:value="com.google.firebase.components.ComponentRegistrar" />
99-->[:firebase_messaging] AndroidManifest.xml:40:17-82
100            <meta-data
100-->[:firebase_core] AndroidManifest.xml:11:13-13:85
101                android:name="com.google.firebase.components:io.flutter.plugins.firebase.core.FlutterFirebaseCoreRegistrar"
101-->[:firebase_core] AndroidManifest.xml:12:17-124
102                android:value="com.google.firebase.components.ComponentRegistrar" />
102-->[:firebase_core] AndroidManifest.xml:13:17-82
103            <meta-data
103-->[com.google.firebase:firebase-messaging:23.3.1] AndroidManifest.xml:57:13-59:85
104                android:name="com.google.firebase.components:com.google.firebase.messaging.FirebaseMessagingKtxRegistrar"
104-->[com.google.firebase:firebase-messaging:23.3.1] AndroidManifest.xml:58:17-122
105                android:value="com.google.firebase.components.ComponentRegistrar" />
105-->[com.google.firebase:firebase-messaging:23.3.1] AndroidManifest.xml:59:17-82
106            <meta-data
106-->[com.google.firebase:firebase-messaging:23.3.1] AndroidManifest.xml:60:13-62:85
107                android:name="com.google.firebase.components:com.google.firebase.messaging.FirebaseMessagingRegistrar"
107-->[com.google.firebase:firebase-messaging:23.3.1] AndroidManifest.xml:61:17-119
108                android:value="com.google.firebase.components.ComponentRegistrar" />
108-->[com.google.firebase:firebase-messaging:23.3.1] AndroidManifest.xml:62:17-82
109            <meta-data
109-->[com.google.firebase:firebase-iid:21.1.0] AndroidManifest.xml:32:13-34:85
110                android:name="com.google.firebase.components:com.google.firebase.iid.Registrar"
110-->[com.google.firebase:firebase-iid:21.1.0] AndroidManifest.xml:33:17-96
111                android:value="com.google.firebase.components.ComponentRegistrar" />
111-->[com.google.firebase:firebase-iid:21.1.0] AndroidManifest.xml:34:17-82
112            <meta-data
112-->[com.google.firebase:firebase-installations:17.2.0] AndroidManifest.xml:15:13-17:85
113                android:name="com.google.firebase.components:com.google.firebase.installations.FirebaseInstallationsKtxRegistrar"
113-->[com.google.firebase:firebase-installations:17.2.0] AndroidManifest.xml:16:17-130
114                android:value="com.google.firebase.components.ComponentRegistrar" />
114-->[com.google.firebase:firebase-installations:17.2.0] AndroidManifest.xml:17:17-82
115            <meta-data
115-->[com.google.firebase:firebase-installations:17.2.0] AndroidManifest.xml:18:13-20:85
116                android:name="com.google.firebase.components:com.google.firebase.installations.FirebaseInstallationsRegistrar"
116-->[com.google.firebase:firebase-installations:17.2.0] AndroidManifest.xml:19:17-127
117                android:value="com.google.firebase.components.ComponentRegistrar" />
117-->[com.google.firebase:firebase-installations:17.2.0] AndroidManifest.xml:20:17-82
118            <meta-data
118-->[com.google.firebase:firebase-common-ktx:20.4.2] AndroidManifest.xml:12:13-14:85
119                android:name="com.google.firebase.components:com.google.firebase.ktx.FirebaseCommonLegacyRegistrar"
119-->[com.google.firebase:firebase-common-ktx:20.4.2] AndroidManifest.xml:13:17-116
120                android:value="com.google.firebase.components.ComponentRegistrar" />
120-->[com.google.firebase:firebase-common-ktx:20.4.2] AndroidManifest.xml:14:17-82
121            <meta-data
121-->[com.google.firebase:firebase-common:20.4.2] AndroidManifest.xml:35:13-37:85
122                android:name="com.google.firebase.components:com.google.firebase.FirebaseCommonKtxRegistrar"
122-->[com.google.firebase:firebase-common:20.4.2] AndroidManifest.xml:36:17-109
123                android:value="com.google.firebase.components.ComponentRegistrar" />
123-->[com.google.firebase:firebase-common:20.4.2] AndroidManifest.xml:37:17-82
124            <meta-data
124-->[com.google.firebase:firebase-datatransport:18.1.7] AndroidManifest.xml:27:13-29:85
125                android:name="com.google.firebase.components:com.google.firebase.datatransport.TransportRegistrar"
125-->[com.google.firebase:firebase-datatransport:18.1.7] AndroidManifest.xml:28:17-115
126                android:value="com.google.firebase.components.ComponentRegistrar" />
126-->[com.google.firebase:firebase-datatransport:18.1.7] AndroidManifest.xml:29:17-82
127        </service>
128
129        <provider
129-->[:firebase_messaging] AndroidManifest.xml:43:9-47:38
130            android:name="io.flutter.plugins.firebase.messaging.FlutterFirebaseMessagingInitProvider"
130-->[:firebase_messaging] AndroidManifest.xml:44:13-102
131            android:authorities="com.appgain.appgain_task.flutterfirebasemessaginginitprovider"
131-->[:firebase_messaging] AndroidManifest.xml:45:13-88
132            android:exported="false"
132-->[:firebase_messaging] AndroidManifest.xml:46:13-37
133            android:initOrder="99" />
133-->[:firebase_messaging] AndroidManifest.xml:47:13-35
134
135        <receiver
135-->[com.google.firebase:firebase-messaging:23.3.1] AndroidManifest.xml:29:9-40:20
136            android:name="com.google.firebase.iid.FirebaseInstanceIdReceiver"
136-->[com.google.firebase:firebase-messaging:23.3.1] AndroidManifest.xml:30:13-78
137            android:exported="true"
137-->[com.google.firebase:firebase-messaging:23.3.1] AndroidManifest.xml:31:13-36
138            android:permission="com.google.android.c2dm.permission.SEND" >
138-->[com.google.firebase:firebase-messaging:23.3.1] AndroidManifest.xml:32:13-73
139            <intent-filter>
139-->[:firebase_messaging] AndroidManifest.xml:32:13-34:29
140                <action android:name="com.google.android.c2dm.intent.RECEIVE" />
140-->[:firebase_messaging] AndroidManifest.xml:33:17-81
140-->[:firebase_messaging] AndroidManifest.xml:33:25-78
141            </intent-filter>
142
143            <meta-data
143-->[com.google.firebase:firebase-messaging:23.3.1] AndroidManifest.xml:37:13-39:40
144                android:name="com.google.android.gms.cloudmessaging.FINISHED_AFTER_HANDLED"
144-->[com.google.firebase:firebase-messaging:23.3.1] AndroidManifest.xml:38:17-92
145                android:value="true" />
145-->[com.google.firebase:firebase-messaging:23.3.1] AndroidManifest.xml:39:17-37
146        </receiver>
147        <!--
148             FirebaseMessagingService performs security checks at runtime,
149             but set to not exported to explicitly avoid allowing another app to call it.
150        -->
151        <service
151-->[com.google.firebase:firebase-messaging:23.3.1] AndroidManifest.xml:46:9-53:19
152            android:name="com.google.firebase.messaging.FirebaseMessagingService"
152-->[com.google.firebase:firebase-messaging:23.3.1] AndroidManifest.xml:47:13-82
153            android:directBootAware="true"
153-->[com.google.firebase:firebase-messaging:23.3.1] AndroidManifest.xml:48:13-43
154            android:exported="false" >
154-->[com.google.firebase:firebase-messaging:23.3.1] AndroidManifest.xml:49:13-37
155            <intent-filter android:priority="-500" >
155-->[:firebase_messaging] AndroidManifest.xml:23:13-25:29
156                <action android:name="com.google.firebase.MESSAGING_EVENT" />
156-->[:firebase_messaging] AndroidManifest.xml:24:17-78
156-->[:firebase_messaging] AndroidManifest.xml:24:25-75
157            </intent-filter>
158        </service>
159
160        <provider
160-->[com.google.firebase:firebase-common:20.4.2] AndroidManifest.xml:23:9-28:39
161            android:name="com.google.firebase.provider.FirebaseInitProvider"
161-->[com.google.firebase:firebase-common:20.4.2] AndroidManifest.xml:24:13-77
162            android:authorities="com.appgain.appgain_task.firebaseinitprovider"
162-->[com.google.firebase:firebase-common:20.4.2] AndroidManifest.xml:25:13-72
163            android:directBootAware="true"
163-->[com.google.firebase:firebase-common:20.4.2] AndroidManifest.xml:26:13-43
164            android:exported="false"
164-->[com.google.firebase:firebase-common:20.4.2] AndroidManifest.xml:27:13-37
165            android:initOrder="100" />
165-->[com.google.firebase:firebase-common:20.4.2] AndroidManifest.xml:28:13-36
166
167        <uses-library
167-->[androidx.window:window:1.0.0-beta04] AndroidManifest.xml:25:9-27:40
168            android:name="androidx.window.extensions"
168-->[androidx.window:window:1.0.0-beta04] AndroidManifest.xml:26:13-54
169            android:required="false" />
169-->[androidx.window:window:1.0.0-beta04] AndroidManifest.xml:27:13-37
170        <uses-library
170-->[androidx.window:window:1.0.0-beta04] AndroidManifest.xml:28:9-30:40
171            android:name="androidx.window.sidecar"
171-->[androidx.window:window:1.0.0-beta04] AndroidManifest.xml:29:13-51
172            android:required="false" />
172-->[androidx.window:window:1.0.0-beta04] AndroidManifest.xml:30:13-37
173
174        <activity
174-->[com.google.android.gms:play-services-base:18.0.1] AndroidManifest.xml:20:9-22:45
175            android:name="com.google.android.gms.common.api.GoogleApiActivity"
175-->[com.google.android.gms:play-services-base:18.0.1] AndroidManifest.xml:20:19-85
176            android:exported="false"
176-->[com.google.android.gms:play-services-base:18.0.1] AndroidManifest.xml:22:19-43
177            android:theme="@android:style/Theme.Translucent.NoTitleBar" />
177-->[com.google.android.gms:play-services-base:18.0.1] AndroidManifest.xml:21:19-78
178
179        <meta-data
179-->[com.google.android.gms:play-services-basement:18.1.0] AndroidManifest.xml:21:9-23:69
180            android:name="com.google.android.gms.version"
180-->[com.google.android.gms:play-services-basement:18.1.0] AndroidManifest.xml:22:13-58
181            android:value="@integer/google_play_services_version" />
181-->[com.google.android.gms:play-services-basement:18.1.0] AndroidManifest.xml:23:13-66
182
183        <service
183-->[com.google.android.datatransport:transport-backend-cct:3.1.8] AndroidManifest.xml:28:9-34:19
184            android:name="com.google.android.datatransport.runtime.backends.TransportBackendDiscovery"
184-->[com.google.android.datatransport:transport-backend-cct:3.1.8] AndroidManifest.xml:29:13-103
185            android:exported="false" >
185-->[com.google.android.datatransport:transport-backend-cct:3.1.8] AndroidManifest.xml:30:13-37
186            <meta-data
186-->[com.google.android.datatransport:transport-backend-cct:3.1.8] AndroidManifest.xml:31:13-33:39
187                android:name="backend:com.google.android.datatransport.cct.CctBackendFactory"
187-->[com.google.android.datatransport:transport-backend-cct:3.1.8] AndroidManifest.xml:32:17-94
188                android:value="cct" />
188-->[com.google.android.datatransport:transport-backend-cct:3.1.8] AndroidManifest.xml:33:17-36
189        </service>
190        <service
190-->[com.google.android.datatransport:transport-runtime:3.1.8] AndroidManifest.xml:26:9-30:19
191            android:name="com.google.android.datatransport.runtime.scheduling.jobscheduling.JobInfoSchedulerService"
191-->[com.google.android.datatransport:transport-runtime:3.1.8] AndroidManifest.xml:27:13-117
192            android:exported="false"
192-->[com.google.android.datatransport:transport-runtime:3.1.8] AndroidManifest.xml:28:13-37
193            android:permission="android.permission.BIND_JOB_SERVICE" >
193-->[com.google.android.datatransport:transport-runtime:3.1.8] AndroidManifest.xml:29:13-69
194        </service>
195
196        <receiver
196-->[com.google.android.datatransport:transport-runtime:3.1.8] AndroidManifest.xml:32:9-34:40
197            android:name="com.google.android.datatransport.runtime.scheduling.jobscheduling.AlarmManagerSchedulerBroadcastReceiver"
197-->[com.google.android.datatransport:transport-runtime:3.1.8] AndroidManifest.xml:33:13-132
198            android:exported="false" />
198-->[com.google.android.datatransport:transport-runtime:3.1.8] AndroidManifest.xml:34:13-37
199    </application>
200
201</manifest>